<<<<<<< HEAD
{"level":"info","message":"⌛ Building environment","timeElapsed":372,"timestamp":"2025-08-19T23:24:42.741Z"}
{"level":"info","message":"⌛ Building environment","timeElapsed":185,"timestamp":"2025-08-19T23:24:43.143Z"}
{"level":"info","message":"⌛ Validating example.wlk","timeElapsed":515,"timestamp":"2025-08-19T23:24:44.359Z"}
{"level":"info","message":"⌛ Building environment","timeElapsed":260,"timestamp":"2025-08-19T23:24:44.626Z"}
{"level":"info","message":"⌛ Validating example.wlk","timeElapsed":1059,"timestamp":"2025-08-19T23:24:47.242Z"}
{"level":"info","message":"⌛ Building environment","timeElapsed":118,"timestamp":"2025-08-19T23:34:50.125Z"}
{"level":"info","message":"⌛ Validating example.wlk","timeElapsed":206,"timestamp":"2025-08-19T23:34:50.350Z"}
{"level":"info","message":"⌛ Building environment","timeElapsed":120,"timestamp":"2025-08-19T23:35:50.833Z"}
{"level":"info","message":"⌛ Validating example.wlk","timeElapsed":230,"timestamp":"2025-08-19T23:35:51.068Z"}
{"level":"info","message":"⌛ Building environment","timeElapsed":106,"timestamp":"2025-08-19T23:43:00.649Z"}
{"level":"info","message":"⌛ Validating example.wlk","timeElapsed":110,"timestamp":"2025-08-19T23:43:00.761Z"}
{"level":"info","message":"⌛ Validating example.wlk","timeElapsed":194,"timestamp":"2025-08-19T23:43:01.740Z"}
{"level":"info","message":"⌛ Building environment","timeElapsed":118,"timestamp":"2025-08-19T23:43:02.003Z"}
{"level":"info","message":"⌛ Validating example.wlk","timeElapsed":156,"timestamp":"2025-08-19T23:43:02.160Z"}
{"level":"info","message":"⌛ Validating example.wlk","timeElapsed":114,"timestamp":"2025-08-19T23:43:02.276Z"}
{"level":"info","message":"⌛ Building environment","timeElapsed":134,"timestamp":"2025-08-19T23:43:02.412Z"}
{"level":"info","message":"⌛ Validating example.wlk","timeElapsed":118,"timestamp":"2025-08-19T23:43:02.531Z"}
{"level":"info","message":"⌛ Building environment","timeElapsed":116,"timestamp":"2025-08-19T23:43:02.649Z"}
{"level":"info","message":"⌛ Validating example.wlk","timeElapsed":134,"timestamp":"2025-08-19T23:43:02.987Z"}
{"level":"info","message":"⌛ Validating example.wlk","timeElapsed":106,"timestamp":"2025-08-19T23:43:03.200Z"}
{"level":"info","message":"⌛ Validating example.wlk","timeElapsed":119,"timestamp":"2025-08-19T23:43:03.416Z"}
{"level":"info","message":"⌛ Validating example.wlk","timeElapsed":159,"timestamp":"2025-08-19T23:43:03.679Z"}
{"level":"info","message":"⌛ Validating example.wlk","timeElapsed":111,"timestamp":"2025-08-19T23:43:03.919Z"}
{"level":"info","message":"⌛ Validating example.wlk","timeElapsed":114,"timestamp":"2025-08-19T23:43:04.033Z"}
{"level":"info","message":"⌛ Validating example.wlk","timeElapsed":110,"timestamp":"2025-08-19T23:43:04.341Z"}
{"level":"info","message":"⌛ Validating example.wlk","timeElapsed":104,"timestamp":"2025-08-19T23:43:04.541Z"}
{"level":"info","message":"⌛ Validating example.wlk","timeElapsed":104,"timestamp":"2025-08-19T23:43:08.356Z"}
{"level":"info","message":"⌛ Building environment","timeElapsed":141,"timestamp":"2025-08-19T23:45:36.015Z"}
{"level":"info","message":"⌛ Validating example.wlk","timeElapsed":197,"timestamp":"2025-08-19T23:45:36.214Z"}
{"level":"info","message":"⌛ Validating example.wlk","timeElapsed":117,"timestamp":"2025-08-19T23:47:55.343Z"}
{"level":"info","message":"⌛ Validating example.wlk","timeElapsed":143,"timestamp":"2025-08-19T23:47:55.868Z"}
{"level":"info","message":"⌛ Validating example.wlk","timeElapsed":155,"timestamp":"2025-08-19T23:47:56.165Z"}
{"level":"info","message":"⌛ Validating example.wlk","timeElapsed":114,"timestamp":"2025-08-19T23:47:56.354Z"}
{"level":"info","message":"⌛ Validating example.wlk","timeElapsed":106,"timestamp":"2025-08-19T23:47:56.524Z"}
{"level":"info","message":"⌛ Building environment","timeElapsed":113,"timestamp":"2025-08-19T23:47:56.638Z"}
{"level":"info","message":"⌛ Validating example.wlk","timeElapsed":191,"timestamp":"2025-08-19T23:47:56.887Z"}
{"level":"info","message":"⌛ Validating example.wlk","timeElapsed":130,"timestamp":"2025-08-19T23:47:57.081Z"}
{"level":"info","message":"⌛ Validating example.wlk","timeElapsed":117,"timestamp":"2025-08-19T23:47:57.256Z"}
{"level":"info","message":"⌛ Validating example.wlk","timeElapsed":102,"timestamp":"2025-08-19T23:47:57.498Z"}
{"level":"info","message":"⌛ Validating example.wlk","timeElapsed":101,"timestamp":"2025-08-19T23:47:57.656Z"}
{"level":"info","message":"⌛ Building environment","timeElapsed":117,"timestamp":"2025-08-19T23:47:58.421Z"}
{"level":"info","message":"⌛ Validating example.wlk","timeElapsed":131,"timestamp":"2025-08-19T23:47:58.580Z"}
{"level":"info","message":"⌛ Validating example.wlk","timeElapsed":159,"timestamp":"2025-08-19T23:47:59.774Z"}
{"level":"info","message":"⌛ Validating example.wlk","timeElapsed":101,"timestamp":"2025-08-19T23:48:00.537Z"}
{"level":"info","message":"⌛ Validating example.wlk","timeElapsed":116,"timestamp":"2025-08-19T23:48:01.076Z"}
{"level":"info","message":"⌛ Validating example.wlk","timeElapsed":118,"timestamp":"2025-08-19T23:48:01.544Z"}
{"level":"info","message":"⌛ Validating example.wlk","timeElapsed":147,"timestamp":"2025-08-19T23:48:01.837Z"}
{"level":"info","message":"⌛ Validating example.wlk","timeElapsed":107,"timestamp":"2025-08-19T23:48:03.098Z"}
{"level":"info","message":"⌛ Validating example.wlk","timeElapsed":118,"timestamp":"2025-08-19T23:48:03.343Z"}
{"level":"info","message":"⌛ Validating example.wlk","timeElapsed":105,"timestamp":"2025-08-19T23:48:03.529Z"}
{"level":"info","message":"⌛ Building environment","timeElapsed":105,"timestamp":"2025-08-19T23:48:03.912Z"}
{"level":"info","message":"⌛ Validating example.wlk","timeElapsed":112,"timestamp":"2025-08-19T23:48:04.393Z"}
{"level":"info","message":"⌛ Validating example.wlk","timeElapsed":103,"timestamp":"2025-08-19T23:48:04.606Z"}
{"level":"info","message":"⌛ Validating example.wlk","timeElapsed":132,"timestamp":"2025-08-19T23:48:05.437Z"}
{"level":"info","message":"⌛ Validating example.wlk","timeElapsed":101,"timestamp":"2025-08-19T23:48:05.541Z"}
{"level":"info","message":"⌛ Validating example.wlk","timeElapsed":113,"timestamp":"2025-08-19T23:48:05.822Z"}
{"level":"info","message":"⌛ Validating example.wlk","timeElapsed":109,"timestamp":"2025-08-19T23:48:05.993Z"}
{"level":"info","message":"⌛ Validating example.wlk","timeElapsed":110,"timestamp":"2025-08-19T23:48:08.565Z"}
{"level":"info","message":"⌛ Validating example.wlk","timeElapsed":124,"timestamp":"2025-08-19T23:48:08.760Z"}
{"level":"info","message":"⌛ Building environment","timeElapsed":112,"timestamp":"2025-08-19T23:48:08.971Z"}
{"level":"info","message":"⌛ Validating example.wlk","timeElapsed":130,"timestamp":"2025-08-19T23:48:09.102Z"}
{"level":"info","message":"⌛ Validating example.wlk","timeElapsed":117,"timestamp":"2025-08-19T23:48:09.276Z"}
{"level":"info","message":"⌛ Validating example.wlk","timeElapsed":105,"timestamp":"2025-08-19T23:48:09.601Z"}
{"level":"info","message":"⌛ Validating example.wlk","timeElapsed":101,"timestamp":"2025-08-19T23:48:09.755Z"}
{"level":"info","message":"⌛ Validating example.wlk","timeElapsed":110,"timestamp":"2025-08-19T23:48:12.965Z"}
{"level":"info","message":"⌛ Validating example.wlk","timeElapsed":111,"timestamp":"2025-08-19T23:48:13.727Z"}
{"level":"info","message":"⌛ Building environment","timeElapsed":151,"timestamp":"2025-08-19T23:48:13.879Z"}
{"level":"info","message":"⌛ Building environment","timeElapsed":144,"timestamp":"2025-08-19T23:48:14.024Z"}
{"level":"info","message":"⌛ Validating example.wlk","timeElapsed":130,"timestamp":"2025-08-19T23:48:14.155Z"}
{"level":"info","message":"⌛ Validating example.wlk","timeElapsed":105,"timestamp":"2025-08-19T23:48:14.386Z"}
{"level":"info","message":"⌛ Validating example.wlk","timeElapsed":164,"timestamp":"2025-08-19T23:48:14.857Z"}
=======
{"level":"info","message":"⌛ Building environment","timeElapsed":101,"timestamp":"2025-08-19T23:22:13.520Z"}
{"level":"info","message":"⌛ Validating example.wlk","timeElapsed":121,"timestamp":"2025-08-19T23:22:13.697Z"}
>>>>>>> e83db04bba673dd8334a5ba291fc62a93214f22c
{"level":"info","message":"⌛ Building environment","timeElapsed":136,"timestamp":"2025-08-20T01:20:10.350Z"}
{"level":"info","message":"⌛ Validating example.wlk","timeElapsed":142,"timestamp":"2025-08-20T01:20:11.071Z"}
{"level":"error","message":"✘ Failed to get type description: Error: Failed to print, found malformed node Failed to print, found malformed node","node":{"id":"21023aa2-2fca-42ce-ac29-07e9794bf028","metadata":[],"problems":[{"code":"malformedSentence","sourceMap":{"end":{"column":45,"line":10,"offset":181},"start":{"column":12,"line":10,"offset":148}}}],"scope":{"containerScope":{"containerScope":{"containerScope":{"containerScope":{"contributions":{},"includedScopes":[]},"contributions":{},"includedScopes":[]},"contributions":{},"includedScopes":[{"containerScope":{"containerScope":{"containerScope":{"contributions":{},"includedScopes":[]},"contributions":{},"includedScopes":[]},"contributions":{},"includedScopes":[]},"contributions":{},"includedScopes":[]}]},"contributions":{},"includedScopes":[]},"contributions":{},"includedScopes":[]},"sentences":[{"id":"683aedaa-2824-4f6f-b51c-c244be7fc169","metadata":[],"scope":{"containerScope":{"containerScope":{"containerScope":{"containerScope":{"containerScope":{"contributions":{},"includedScopes":[]},"contributions":{},"includedScopes":[]},"contributions":{},"includedScopes":[{"containerScope":{"containerScope":{"containerScope":{"contributions":{},"includedScopes":[]},"contributions":{},"includedScopes":[]},"contributions":{},"includedScopes":[]},"contributions":{},"includedScopes":[]}]},"contributions":{},"includedScopes":[]},"contributions":{},"includedScopes":[]},"contributions":{},"includedScopes":[]},"sourceMap":{"end":{"column":11,"line":10,"offset":147},"start":{"column":5,"line":10,"offset":141}}}],"sourceMap":{"end":{"column":4,"line":11,"offset":186},"start":{"column":18,"line":9,"offset":134}}},"stack":"Error: Failed to print, found malformed node\n    at c:\\Users\\Luca\\.vscode\\extensions\\uqbar.wollok-lsp-ide-0.5.3\\out\\server\\src\\server.js:68:3585\n    at c:\\Users\\Luca\\.vscode\\extensions\\uqbar.wollok-lsp-ide-0.5.3\\out\\server\\src\\server.js:68:5370\n    at c:\\Users\\Luca\\.vscode\\extensions\\uqbar.wollok-lsp-ide-0.5.3\\out\\server\\src\\server.js:38:6131\n    at c:\\Users\\Luca\\.vscode\\extensions\\uqbar.wollok-lsp-ide-0.5.3\\out\\server\\src\\server.js:68:3664\n    at Gbn (c:\\Users\\Luca\\.vscode\\extensions\\uqbar.wollok-lsp-ide-0.5.3\\out\\server\\src\\server.js:68:3396)\n    at c:\\Users\\Luca\\.vscode\\extensions\\uqbar.wollok-lsp-ide-0.5.3\\out\\server\\src\\server.js:2393:847\n    at c:\\Users\\Luca\\.vscode\\extensions\\uqbar.wollok-lsp-ide-0.5.3\\out\\server\\src\\server.js:2393:8440\n    at c:\\Users\\Luca\\.vscode\\extensions\\uqbar.wollok-lsp-ide-0.5.3\\out\\server\\src\\server.js:37:74770\n    at Ye (c:\\Users\\Luca\\.vscode\\extensions\\uqbar.wollok-lsp-ide-0.5.3\\out\\server\\src\\server.js:7:8527)\n    at qt (c:\\Users\\Luca\\.vscode\\extensions\\uqbar.wollok-lsp-ide-0.5.3\\out\\server\\src\\server.js:7:6189)","timestamp":"2025-08-20T01:22:37.818Z"}
{"level":"error","message":"✘ Failed to get type description: Error: Failed to print, found malformed node Failed to print, found malformed node","node":{"id":"21023aa2-2fca-42ce-ac29-07e9794bf028","metadata":[],"problems":[{"code":"malformedSentence","sourceMap":{"end":{"column":45,"line":10,"offset":181},"start":{"column":12,"line":10,"offset":148}}}],"scope":{"containerScope":{"containerScope":{"containerScope":{"containerScope":{"contributions":{},"includedScopes":[]},"contributions":{},"includedScopes":[]},"contributions":{},"includedScopes":[{"containerScope":{"containerScope":{"containerScope":{"contributions":{},"includedScopes":[]},"contributions":{},"includedScopes":[]},"contributions":{},"includedScopes":[]},"contributions":{},"includedScopes":[]}]},"contributions":{},"includedScopes":[]},"contributions":{},"includedScopes":[]},"sentences":[{"id":"683aedaa-2824-4f6f-b51c-c244be7fc169","metadata":[],"scope":{"containerScope":{"containerScope":{"containerScope":{"containerScope":{"containerScope":{"contributions":{},"includedScopes":[]},"contributions":{},"includedScopes":[]},"contributions":{},"includedScopes":[{"containerScope":{"containerScope":{"containerScope":{"contributions":{},"includedScopes":[]},"contributions":{},"includedScopes":[]},"contributions":{},"includedScopes":[]},"contributions":{},"includedScopes":[]}]},"contributions":{},"includedScopes":[]},"contributions":{},"includedScopes":[]},"contributions":{},"includedScopes":[]},"sourceMap":{"end":{"column":11,"line":10,"offset":147},"start":{"column":5,"line":10,"offset":141}}}],"sourceMap":{"end":{"column":4,"line":11,"offset":186},"start":{"column":18,"line":9,"offset":134}}},"stack":"Error: Failed to print, found malformed node\n    at c:\\Users\\Luca\\.vscode\\extensions\\uqbar.wollok-lsp-ide-0.5.3\\out\\server\\src\\server.js:68:3585\n    at c:\\Users\\Luca\\.vscode\\extensions\\uqbar.wollok-lsp-ide-0.5.3\\out\\server\\src\\server.js:68:5370\n    at c:\\Users\\Luca\\.vscode\\extensions\\uqbar.wollok-lsp-ide-0.5.3\\out\\server\\src\\server.js:38:6131\n    at c:\\Users\\Luca\\.vscode\\extensions\\uqbar.wollok-lsp-ide-0.5.3\\out\\server\\src\\server.js:68:3664\n    at Gbn (c:\\Users\\Luca\\.vscode\\extensions\\uqbar.wollok-lsp-ide-0.5.3\\out\\server\\src\\server.js:68:3396)\n    at c:\\Users\\Luca\\.vscode\\extensions\\uqbar.wollok-lsp-ide-0.5.3\\out\\server\\src\\server.js:2393:847\n    at c:\\Users\\Luca\\.vscode\\extensions\\uqbar.wollok-lsp-ide-0.5.3\\out\\server\\src\\server.js:2393:8440\n    at c:\\Users\\Luca\\.vscode\\extensions\\uqbar.wollok-lsp-ide-0.5.3\\out\\server\\src\\server.js:37:74770\n    at Ye (c:\\Users\\Luca\\.vscode\\extensions\\uqbar.wollok-lsp-ide-0.5.3\\out\\server\\src\\server.js:7:8527)\n    at qt (c:\\Users\\Luca\\.vscode\\extensions\\uqbar.wollok-lsp-ide-0.5.3\\out\\server\\src\\server.js:7:6189)","timestamp":"2025-08-20T01:22:37.984Z"}
{"level":"info","message":"⌛ Building environment","timeElapsed":184,"timestamp":"2025-08-25T14:57:10.275Z"}
{"level":"info","message":"⌛ Validating example.wlk","timeElapsed":169,"timestamp":"2025-08-25T14:57:10.559Z"}
{"level":"info","message":"⌛ Validating example.wlk","timeElapsed":184,"timestamp":"2025-08-25T14:57:10.825Z"}
{"level":"info","message":"⌛ Validating example.wlk","timeElapsed":180,"timestamp":"2025-08-25T14:57:28.980Z"}
{"level":"info","message":"⌛ Validating example.wlk","timeElapsed":108,"timestamp":"2025-08-25T14:57:30.791Z"}
